<?xml version="1.0" encoding="UTF-8"?>
<testng-results skipped="0" failed="0" ignored="0" total="5" passed="5">
  <reporter-output>
  </reporter-output>
  <suite name="Suite" duration-ms="125368" started-at="2020-02-07T11:19:54 GMT" finished-at="2020-02-07T11:21:59 GMT">
    <groups>
    </groups>
    <test name="Test" duration-ms="125368" started-at="2020-02-07T11:19:54 GMT" finished-at="2020-02-07T11:21:59 GMT">
      <class name="com.TestPages.CreateWishList">
        <test-method status="PASS" signature="beforeClass()[pri:0, instance:com.TestPages.CreateWishList@4eb7f003]" name="beforeClass" is-config="true" duration-ms="15833" started-at="2020-02-07T11:19:54 GMT" finished-at="2020-02-07T11:20:10 GMT">
          <reporter-output>
          </reporter-output>
        </test-method> <!-- beforeClass -->
        <test-method status="PASS" signature="beforeMethod()[pri:0, instance:com.TestPages.CreateWishList@4eb7f003]" name="beforeMethod" is-config="true" duration-ms="0" started-at="2020-02-07T11:20:10 GMT" finished-at="2020-02-07T11:20:10 GMT">
          <reporter-output>
          </reporter-output>
        </test-method> <!-- beforeMethod -->
        <test-method status="PASS" signature="FirstTest()[pri:1, instance:com.TestPages.CreateWishList@4eb7f003]" name="FirstTest" duration-ms="14340" started-at="2020-02-07T11:20:10 GMT" finished-at="2020-02-07T11:20:24 GMT">
          <reporter-output>
          </reporter-output>
        </test-method> <!-- FirstTest -->
        <test-method status="PASS" signature="afterMethod()[pri:0, instance:com.TestPages.CreateWishList@4eb7f003]" name="afterMethod" is-config="true" duration-ms="1" started-at="2020-02-07T11:20:24 GMT" finished-at="2020-02-07T11:20:24 GMT">
          <reporter-output>
          </reporter-output>
        </test-method> <!-- afterMethod -->
        <test-method status="PASS" signature="beforeMethod()[pri:0, instance:com.TestPages.CreateWishList@4eb7f003]" name="beforeMethod" is-config="true" duration-ms="1" started-at="2020-02-07T11:20:24 GMT" finished-at="2020-02-07T11:20:24 GMT">
          <reporter-output>
          </reporter-output>
        </test-method> <!-- beforeMethod -->
        <test-method status="PASS" signature="SecondTest()[pri:0, instance:com.TestPages.CreateWishList@4eb7f003]" name="SecondTest" duration-ms="2431" started-at="2020-02-07T11:20:24 GMT" depends-on-methods="com.TestPages.CreateWishList.FirstTest" finished-at="2020-02-07T11:20:27 GMT">
          <reporter-output>
          </reporter-output>
        </test-method> <!-- SecondTest -->
        <test-method status="PASS" signature="afterMethod()[pri:0, instance:com.TestPages.CreateWishList@4eb7f003]" name="afterMethod" is-config="true" duration-ms="0" started-at="2020-02-07T11:20:27 GMT" finished-at="2020-02-07T11:20:27 GMT">
          <reporter-output>
          </reporter-output>
        </test-method> <!-- afterMethod -->
        <test-method status="PASS" signature="beforeMethod()[pri:0, instance:com.TestPages.CreateWishList@4eb7f003]" name="beforeMethod" is-config="true" duration-ms="0" started-at="2020-02-07T11:20:27 GMT" finished-at="2020-02-07T11:20:27 GMT">
          <reporter-output>
          </reporter-output>
        </test-method> <!-- beforeMethod -->
        <test-method status="PASS" signature="ThirdTest()[pri:0, instance:com.TestPages.CreateWishList@4eb7f003]" name="ThirdTest" duration-ms="4378" started-at="2020-02-07T11:20:27 GMT" depends-on-methods="com.TestPages.CreateWishList.SecondTest" finished-at="2020-02-07T11:20:31 GMT">
          <reporter-output>
          </reporter-output>
        </test-method> <!-- ThirdTest -->
        <test-method status="PASS" signature="afterMethod()[pri:0, instance:com.TestPages.CreateWishList@4eb7f003]" name="afterMethod" is-config="true" duration-ms="1" started-at="2020-02-07T11:20:31 GMT" finished-at="2020-02-07T11:20:31 GMT">
          <reporter-output>
          </reporter-output>
        </test-method> <!-- afterMethod -->
        <test-method status="PASS" signature="beforeMethod()[pri:0, instance:com.TestPages.CreateWishList@4eb7f003]" name="beforeMethod" is-config="true" duration-ms="1" started-at="2020-02-07T11:20:31 GMT" finished-at="2020-02-07T11:20:31 GMT">
          <reporter-output>
          </reporter-output>
        </test-method> <!-- beforeMethod -->
        <test-method status="PASS" signature="FourthTest()[pri:0, instance:com.TestPages.CreateWishList@4eb7f003]" name="FourthTest" duration-ms="21499" started-at="2020-02-07T11:20:31 GMT" depends-on-methods="com.TestPages.CreateWishList.ThirdTest" finished-at="2020-02-07T11:20:53 GMT">
          <reporter-output>
          </reporter-output>
        </test-method> <!-- FourthTest -->
        <test-method status="PASS" signature="afterMethod()[pri:0, instance:com.TestPages.CreateWishList@4eb7f003]" name="afterMethod" is-config="true" duration-ms="0" started-at="2020-02-07T11:20:53 GMT" finished-at="2020-02-07T11:20:53 GMT">
          <reporter-output>
          </reporter-output>
        </test-method> <!-- afterMethod -->
        <test-method status="PASS" signature="FifthTest()[pri:0, instance:com.TestPages.CreateWishList@4eb7f003]" name="FifthTest" duration-ms="19570" started-at="2020-02-07T11:20:53 GMT" depends-on-methods="com.TestPages.CreateWishList.FourthTest" finished-at="2020-02-07T11:21:12 GMT">
          <reporter-output>
          </reporter-output>
        </test-method> <!-- FifthTest -->
        <test-method status="PASS" signature="beforeMethod()[pri:0, instance:com.TestPages.CreateWishList@4eb7f003]" name="beforeMethod" is-config="true" duration-ms="0" started-at="2020-02-07T11:20:53 GMT" finished-at="2020-02-07T11:20:53 GMT">
          <reporter-output>
          </reporter-output>
        </test-method> <!-- beforeMethod -->
        <test-method status="PASS" signature="afterMethod()[pri:0, instance:com.TestPages.CreateWishList@4eb7f003]" name="afterMethod" is-config="true" duration-ms="1" started-at="2020-02-07T11:21:12 GMT" finished-at="2020-02-07T11:21:12 GMT">
          <reporter-output>
          </reporter-output>
        </test-method> <!-- afterMethod -->
        <test-method status="PASS" signature="afterClass()[pri:0, instance:com.TestPages.CreateWishList@4eb7f003]" name="afterClass" is-config="true" duration-ms="47172" started-at="2020-02-07T11:21:12 GMT" finished-at="2020-02-07T11:21:59 GMT">
          <reporter-output>
          </reporter-output>
        </test-method> <!-- afterClass -->
        <test-method status="PASS" signature="afterSuite()[pri:0, instance:com.TestPages.CreateWishList@4eb7f003]" name="afterSuite" is-config="true" duration-ms="1091" started-at="2020-02-07T11:21:59 GMT" finished-at="2020-02-07T11:22:01 GMT">
          <reporter-output>
          </reporter-output>
        </test-method> <!-- afterSuite -->
      </class> <!-- com.TestPages.CreateWishList -->
    </test> <!-- Test -->
  </suite> <!-- Suite -->
</testng-results>
