<?xml version="1.0" encoding="UTF-8"?>
<!-- Generated by org.testng.reporters.JUnitXMLReporter -->
<testsuite hostname="PDCDT01GY4ZVQ1" ignored="0" name="Default test" tests="5" failures="0" timestamp="2020-02-07T11:19:08 GMT" time="139.854" errors="0">
  <testcase name="FirstTest" time="10.742" classname="com.TestPages.CreateWishList"/>
  <testcase name="SecondTest" time="3.791" classname="com.TestPages.CreateWishList"/>
  <testcase name="ThirdTest" time="4.349" classname="com.TestPages.CreateWishList"/>
  <testcase name="FourthTest" time="23.429" classname="com.TestPages.CreateWishList"/>
  <testcase name="FifthTest" time="20.236" classname="com.TestPages.CreateWishList"/>
</testsuite> <!-- Default test -->
