<?xml version="1.0" encoding="UTF-8"?>
<!-- Generated by org.testng.reporters.JUnitXMLReporter -->
<testsuite hostname="PDCDT01GY4ZVQ1" ignored="0" name="Test" tests="5" failures="0" timestamp="2020-02-09T10:47:31 GMT" time="154.461" errors="0">
  <testcase name="FirstTest" time="16.476" classname="com.TestPages.CreateWishList"/>
  <testcase name="SecondTest" time="6.12" classname="com.TestPages.CreateWishList"/>
  <testcase name="ThirdTest" time="5.224" classname="com.TestPages.CreateWishList"/>
  <testcase name="FourthTest" time="27.576" classname="com.TestPages.CreateWishList"/>
  <testcase name="FifthTest" time="18.59" classname="com.TestPages.CreateWishList"/>
</testsuite> <!-- Test -->
