<?xml version="1.0" encoding="UTF-8"?>
<!-- Generated by org.testng.reporters.JUnitXMLReporter -->
<testsuite hostname="PDCDT01GY4ZVQ1" ignored="0" name="Test" tests="5" failures="0" timestamp="2020-02-07T11:21:59 GMT" time="125.368" errors="0">
  <testcase name="FirstTest" time="14.34" classname="com.TestPages.CreateWishList"/>
  <testcase name="SecondTest" time="2.431" classname="com.TestPages.CreateWishList"/>
  <testcase name="ThirdTest" time="4.378" classname="com.TestPages.CreateWishList"/>
  <testcase name="FourthTest" time="21.499" classname="com.TestPages.CreateWishList"/>
  <testcase name="FifthTest" time="19.57" classname="com.TestPages.CreateWishList"/>
</testsuite> <!-- Test -->
